<?xml version="1.0" encoding="UTF-8"?>
<testsuite xmlns:xsi="http://www.w3.org/2001/XMLSchema-instance" xsi:noNamespaceSchemaLocation="https://maven.apache.org/surefire/maven-surefire-plugin/xsd/surefire-test-report.xsd" name="se.kth.iv1350.model.SaleTest" time="0" tests="7" errors="0" skipped="0" failures="0">
  <properties>
[...]
</properties>
  <testcase name="addTest" classname="se.kth.iv1350.model.SaleTest" time="0"/>
  <testcase name="applyDiscountTest" classname="se.kth.iv1350.model.SaleTest" time="0"/>
  <testcase name="setBadCountTest" classname="se.kth.iv1350.model.SaleTest" time="0"/>
  <testcase name="containsFalseTest" classname="se.kth.iv1350.model.SaleTest" time="0"/>
  <testcase name="addAnother" classname="se.kth.iv1350.model.SaleTest" time="0"/>
  <testcase name="setGoodCountTest" classname="se.kth.iv1350.model.SaleTest" time="0"/>
  <testcase name="dtoTest" classname="se.kth.iv1350.model.SaleTest" time="0"/>
</testsuite>